20250505	11:14:09	f54be1cf-8539-4732-a834-6f41d45ef5b0	GET	/get/username	undefined
20250505	11:14:09	4fc7f373-9b44-4eef-91b4-791ca020b786	GET	/get/css/style.css	undefined
20250505	11:14:09	078cdaa8-b769-4213-9bb8-4d26c3d39171	GET	/favicon.ico	undefined
20250505	11:14:19	59057396-c446-478f-81c2-4065446f4182	GET	/	undefined
20250505	11:14:19	662be982-379f-40b0-81ba-8d27881c608c	GET	/css/style.css	undefined
20250515	22:50:33	e5a3b949-0473-42ed-a6f6-94287950e98c	GET	/	undefined
20250515	22:50:33	e1e5f115-31b4-4688-a3ef-1e1fdae545ce	GET	/css/style.css	undefined
20250515	22:50:34	9811cf78-4927-4ada-accf-28d5a8922941	GET	/favicon.ico	undefined
20250515	22:50:37	c7641c4c-b1ac-4a10-bfec-d0f0205fac46	GET	/css/style.css	undefined
20250515	22:50:37	ae054f81-2cf7-4767-90f6-650050432713	GET	/.well-known/appspecific/com.chrome.devtools.json	undefined
20250515	22:50:39	b2f108e8-6b13-476a-8b7a-7209f964e847	GET	/	undefined
20250515	22:50:39	c9b2ce92-0c13-4891-ab2d-d3dc759d3479	GET	/.well-known/appspecific/com.chrome.devtools.json	undefined
20250515	22:50:39	52420855-4ed8-40fe-81df-f987093a412d	GET	/css/style.css	undefined
20250515	22:50:43	45ae2ea6-7d42-4dc0-aa5f-ceba954eb68e	GET	/css/style.css	undefined
20250515	22:50:43	1f965226-f845-4260-903e-3c7eded99b6b	GET	/.well-known/appspecific/com.chrome.devtools.json	undefined
20250515	22:50:47	5a8de77b-6665-4448-8b8b-4cbd4b97fde5	GET	/asdasdasd	undefined
20250515	22:50:47	8252e326-ef8c-4cd0-bcd4-bd18ed082233	GET	/css/style.css	undefined
20250515	22:50:54	ac35e2fc-010c-4c4b-abef-c27e0bcc21d1	GET	/	undefined
20250515	22:50:54	00e07e44-06b6-4b00-98d1-ca4f14304c4d	GET	/css/style.css	undefined
20250516	10:55:10	ae8d1c11-eb7c-410c-9170-b28da280522c	GET	/	undefined
20250516	10:55:10	c5514eed-ec19-4048-b7c8-41b742daf92c	GET	/css/style.css	undefined
20250516	10:55:10	84f81b69-cb3d-4b2c-8184-b1364ee69510	GET	/favicon.ico	undefined
20250516	10:55:11	fb7d910d-8591-404c-9ec2-6d118f7644a6	GET	/	undefined
20250516	10:55:11	53051a2e-e6e1-4164-80a8-fcf78c87d8d8	GET	/css/style.css	undefined
20250516	10:55:12	91a590f1-1c44-4555-b05e-554fed1d39c2	GET	/	undefined
20250516	10:55:12	017bfef1-299d-4691-a97f-4f11acaddf59	GET	/css/style.css	undefined
20250516	10:55:12	e260a4ea-74b5-45f2-a993-9c5578ae302c	GET	/	undefined
20250516	10:55:12	de0dbf74-98bd-4ba1-9161-2c6c008567f4	GET	/css/style.css	undefined
20250516	10:55:12	9f43efe6-3dfd-434d-91b8-6f1d3a6c8203	GET	/	undefined
20250516	10:55:12	cee589b7-b02c-43be-b5ae-476d8dc99776	GET	/css/style.css	undefined
20250516	10:55:19	eb83acad-05d3-4cef-bc2f-b9fd3da5fa48	GET	/touristspots	undefined
20250516	11:42:33	f7cc2e84-cdd1-4bbb-b867-ff65af3a44c9	POST	/touristspots/	undefined
20250516	11:51:11	66f5b8b0-251b-43a6-966c-b86bfaa2d0bf	GET	/touristspots/	undefined
20250516	11:53:17	9219cf7c-5dc6-4ac7-918f-115b7150301c	GET	/touristspots/6826c239684f0b1697254b70	undefined
20250516	11:56:45	9d280950-87bb-4a6f-ad3b-244b844bd90d	POST	/touristspots/6826c239684f0b1697254b70/add-review	undefined
20250516	11:57:46	617b6dde-e34f-48ea-a4d8-d096de5b09ab	PATCH	/touristspots/6826c239684f0b1697254b70/add-review	undefined
20250516	11:59:32	45c8f874-e488-45ed-a9ba-80f8166b1bea	DELETE	/touristspots/	undefined
20250516	13:11:08	5ac10a86-2b58-4bb8-88f0-3b464d14249d	POST	/bookings/	undefined
20250516	13:12:25	cb3b8bdb-ba60-4c50-b630-a89580679e47	GET	/bookings/	undefined
20250516	13:13:42	290ec89f-f5e6-404e-91f1-16152be96b4a	GET	/bookings/6826d6fcd14878bd7d0a339e	undefined
20250516	13:14:45	333cee92-b7e4-47a0-8706-a5d08aa8d357	POST	/bookings/user/6826c239684f0b1697254b72	undefined
20250516	13:14:50	3443850a-627c-4b28-9b9b-2e4fcf3eecd3	GET	/bookings/user/6826c239684f0b1697254b72	undefined
20250516	13:19:37	7e45eeca-11cf-4687-97a2-d84f4acb2038	PATCH	/bookings/6826d6fcd14878bd7d0a339e	undefined
20250603	00:41:06	d9ae3edc-5baa-44df-8a8c-726afab68a00	POST	/touristspots	undefined
20250603	08:07:46	c1f9d76d-a89f-46d5-b757-6bcb3c57e9a3	GET	/	undefined
20250603	08:07:47	154230dc-f6c2-404f-a920-775af1aff40b	GET	/css/style.css	undefined
20250603	08:07:47	47915dd0-1e34-4b37-b8d5-91716ce795b1	GET	/favicon.ico	undefined
20250603	08:07:53	bd92f81c-384c-497f-88a7-168ba5e353a3	GET	/touristsots	undefined
20250603	08:07:53	593617f3-e6c9-44c0-be7d-a42054f8a457	GET	/css/style.css	undefined
20250603	08:07:57	67575845-2b05-4fc9-9b1a-2b954158bf99	GET	/touristspots	undefined
20250603	08:10:44	f9b378e7-8989-4200-8f31-3a9f93ef93e5	GET	/touristspots/2	undefined
20250603	08:10:50	51db4e99-d972-4933-ac5b-daf209392563	GET	/touristspots/:2	undefined
20250603	08:10:55	bdb7e17e-e8f8-4238-b5b4-e85a631b3b20	GET	/touristspots?id=2	undefined
20250603	08:11:12	4925f7bb-13f0-4298-9ee9-6b0fb989b9a0	GET	/touristspots/1	undefined
20250603	08:12:16	4c857b5a-b055-44d3-8b4f-3f0b69da3b18	GET	/touristspots/1123213213213213123hkbhjbjhbhj	undefined
20250603	08:12:18	675e561c-bae6-4ad0-a142-ff09bf5ba292	GET	/touristspots/1123213213213213123hkbhjbjhbhj	undefined
20250603	09:18:48	ea119d8a-b650-4922-95c4-5e085b1947e4	GET	/	undefined
20250603	09:18:48	4a5c94e0-96f4-4d74-b71e-edb3f7822da4	GET	/css/style.css	undefined
